<?xml version="1.0" encoding="UTF-8"?>
<!-- Generated by org.testng.reporters.JUnitXMLReporter -->
<testsuite hostname="DESKTOP-KU8BOS8" ignored="0" tests="5" failures="0" timestamp="03 nov 2020 03:57:46 GMT" time="9.878" errors="0">
  <testcase name="estatus" time="4.808" classname="nonAPITest"/>
  <testcase name="ObtenerName" time="0.854" classname="UserTests"/>
  <testcase name="RandomNameSinBody" time="1.747" classname="UserTests"/>
  <testcase name="sameName" time="0.657" classname="UserTests"/>
  <testcase name="sincredenciales" time="0.608" classname="UserTests"/>
</testsuite>
