<?xml version="1.0" encoding="UTF-8"?>
<testng-results skipped="0" failed="0" ignored="0" total="5" passed="5">
  <reporter-output>
  </reporter-output>
  <suite name="Surefire suite" duration-ms="9878" started-at="2020-11-03T03:57:36Z" finished-at="2020-11-03T03:57:46Z">
    <groups>
    </groups>
    <test name="Surefire test" duration-ms="9878" started-at="2020-11-03T03:57:36Z" finished-at="2020-11-03T03:57:46Z">
      <class name="UserTests">
        <test-method status="PASS" signature="SetUpRestAssured(java.lang.String)[pri:0, instance:UserTests@79698539]" name="SetUpRestAssured" is-config="true" duration-ms="3" started-at="2020-11-03T03:57:42Z" finished-at="2020-11-03T03:57:42Z">
          <params>
            <param index="0">
              <value is-null="true"/>
            </param>
          </params>
          <reporter-output>
          </reporter-output>
        </test-method> <!-- SetUpRestAssured -->
        <test-method status="PASS" signature="before()[pri:0, instance:UserTests@79698539]" name="before" is-config="true" duration-ms="1" started-at="2020-11-03T03:57:42Z" finished-at="2020-11-03T03:57:42Z">
          <reporter-output>
          </reporter-output>
        </test-method> <!-- before -->
        <test-method status="PASS" signature="ObtenerName()[pri:0, instance:UserTests@79698539]" name="ObtenerName" duration-ms="854" started-at="2020-11-03T03:57:42Z" finished-at="2020-11-03T03:57:43Z">
          <reporter-output>
          </reporter-output>
        </test-method> <!-- ObtenerName -->
        <test-method status="PASS" signature="before()[pri:0, instance:UserTests@79698539]" name="before" is-config="true" duration-ms="1" started-at="2020-11-03T03:57:43Z" finished-at="2020-11-03T03:57:43Z">
          <reporter-output>
          </reporter-output>
        </test-method> <!-- before -->
        <test-method status="PASS" signature="RandomNameSinBody()[pri:0, instance:UserTests@79698539]" name="RandomNameSinBody" duration-ms="1747" started-at="2020-11-03T03:57:43Z" finished-at="2020-11-03T03:57:45Z">
          <reporter-output>
          </reporter-output>
        </test-method> <!-- RandomNameSinBody -->
        <test-method status="PASS" signature="before()[pri:0, instance:UserTests@79698539]" name="before" is-config="true" duration-ms="1" started-at="2020-11-03T03:57:45Z" finished-at="2020-11-03T03:57:45Z">
          <reporter-output>
          </reporter-output>
        </test-method> <!-- before -->
        <test-method status="PASS" signature="sameName()[pri:0, instance:UserTests@79698539]" name="sameName" duration-ms="657" started-at="2020-11-03T03:57:45Z" finished-at="2020-11-03T03:57:46Z">
          <reporter-output>
          </reporter-output>
        </test-method> <!-- sameName -->
        <test-method status="PASS" signature="sincredenciales()[pri:0, instance:UserTests@79698539]" name="sincredenciales" duration-ms="608" started-at="2020-11-03T03:57:46Z" finished-at="2020-11-03T03:57:46Z">
          <reporter-output>
          </reporter-output>
        </test-method> <!-- sincredenciales -->
        <test-method status="PASS" signature="before()[pri:0, instance:UserTests@79698539]" name="before" is-config="true" duration-ms="0" started-at="2020-11-03T03:57:46Z" finished-at="2020-11-03T03:57:46Z">
          <reporter-output>
          </reporter-output>
        </test-method> <!-- before -->
      </class> <!-- UserTests -->
      <class name="nonAPITest">
        <test-method status="PASS" signature="SetUpRestAssured(java.lang.String)[pri:0, instance:nonAPITest@6b2fad11]" name="SetUpRestAssured" is-config="true" duration-ms="888" started-at="2020-11-03T03:57:36Z" finished-at="2020-11-03T03:57:37Z">
          <params>
            <param index="0">
              <value is-null="true"/>
            </param>
          </params>
          <reporter-output>
          </reporter-output>
        </test-method> <!-- SetUpRestAssured -->
        <test-method status="PASS" signature="before()[pri:0, instance:nonAPITest@6b2fad11]" name="before" is-config="true" duration-ms="261" started-at="2020-11-03T03:57:37Z" finished-at="2020-11-03T03:57:38Z">
          <reporter-output>
          </reporter-output>
        </test-method> <!-- before -->
        <test-method status="PASS" signature="estatus()[pri:0, instance:nonAPITest@6b2fad11]" name="estatus" duration-ms="4808" started-at="2020-11-03T03:57:38Z" finished-at="2020-11-03T03:57:42Z">
          <reporter-output>
          </reporter-output>
        </test-method> <!-- estatus -->
      </class> <!-- nonAPITest -->
    </test> <!-- Surefire test -->
  </suite> <!-- Surefire suite -->
</testng-results>
