<?xml version="1.0" encoding="UTF-8"?>
<testsuite xmlns:xsi="http://www.w3.org/2001/XMLSchema-instance" xsi:noNamespaceSchemaLocation="https://maven.apache.org/surefire/maven-surefire-plugin/xsd/surefire-test-report.xsd" name="TestSuite" time="10.978" tests="5" errors="0" skipped="0" failures="0">
  <properties>
[...]
</properties>
  <testcase name="estatus" classname="nonAPITest" time="4.813"/>
  <testcase name="ObtenerName" classname="UserTests" time="0.855"/>
  <testcase name="RandomNameSinBody" classname="UserTests" time="1.748"/>
  <testcase name="sameName" classname="UserTests" time="0.664"/>
  <testcase name="sincredenciales" classname="UserTests" time="0.61"/>
</testsuite>